Config file multiPrime.yaml is extended by additional config specified via the command line.
Building DAG of jobs...
Using shell: /usr/bin/bash
Provided cores: 30
Rules claiming more threads will be scaled down.
Job stats:
job                            count    min threads    max threads
---------------------------  -------  -------------  -------------
aggregate_candidate_primers        1              1              1
all                                1              1              1
cluster_by_identity                1              1              1
extract_cluster_fa                 1              1              1
get_Maxprimerset                   1              1              1
get_all_PCR_product                1              1              1
mfeprimer_check                    1              1              1
rmdup                              1              1              1
seq_format                         1              1              1
total                              9              1              1

Select jobs to execute...

[Sat Aug 27 14:30:47 2022]
Job 4: Step1: format fasta file..
Reason: Missing output files: /share/data3/yangjunbo/git_storage/multiPrime/test_data/test.results/Total_fa/test.format.fa

[Sat Aug 27 14:30:47 2022]
Finished job 4.
1 of 9 steps (11%) done
Select jobs to execute...

[Sat Aug 27 14:30:47 2022]
Job 3: Step3: remove duplicated sequence ..
Reason: Missing output files: /share/data3/yangjunbo/git_storage/multiPrime/test_data/test.results/Total_fa/test.format.rmdup.cluster.fa; Input files updated by another job: /share/data3/yangjunbo/git_storage/multiPrime/test_data/test.results/Total_fa/test.format.fa

[Sat Aug 27 14:30:47 2022]
Finished job 3.
2 of 9 steps (22%) done
Select jobs to execute...

[Sat Aug 27 14:30:47 2022]
Job 5: Step4: Cluster ..
Reason: Missing output files: /share/data3/yangjunbo/git_storage/multiPrime/test_data/test.results/Total_fa/test.format.rmdup.cluster.uniq.fa.clstr; Input files updated by another job: /share/data3/yangjunbo/git_storage/multiPrime/test_data/test.results/Total_fa/test.format.rmdup.cluster.fa

[Sat Aug 27 14:30:48 2022]
Finished job 5.
3 of 9 steps (33%) done
Select jobs to execute...

[Sat Aug 27 14:30:48 2022]
Job 2: Step5: extract fasta in each cluster from cd-hit results ..
Reason: Missing output files: /share/data3/yangjunbo/git_storage/multiPrime/test_data/test.results/cluster.txt; Input files updated by another job: /share/data3/yangjunbo/git_storage/multiPrime/test_data/test.results/Total_fa/test.format.rmdup.cluster.uniq.fa.clstr, /share/data3/yangjunbo/git_storage/multiPrime/test_data/test.results/Total_fa/test.format.rmdup.cluster.fa
Downstream jobs will be updated after completion.

[Sat Aug 27 14:30:48 2022]
Finished job 2.
4 of 9 steps (44%) done
Select jobs to execute...

[Sat Aug 27 14:30:48 2022]
Job 22: Step6: alignment by muscle ..
Reason: Missing output files: /share/data3/yangjunbo/git_storage/multiPrime/test_data/test.results/Clusters_msa/Cluster_2_1.tmsa


[Sat Aug 27 14:30:48 2022]
Job 26: Step6: alignment by muscle ..
Reason: Missing output files: /share/data3/yangjunbo/git_storage/multiPrime/test_data/test.results/Clusters_msa/Cluster_3_5.tmsa


[Sat Aug 27 14:30:48 2022]
Job 14: Step6: alignment by muscle ..
Reason: Missing output files: /share/data3/yangjunbo/git_storage/multiPrime/test_data/test.results/Clusters_msa/Cluster_0_1.tmsa


[Sat Aug 27 14:30:48 2022]
Job 18: Step6: alignment by muscle ..
Reason: Missing output files: /share/data3/yangjunbo/git_storage/multiPrime/test_data/test.results/Clusters_msa/Cluster_1_3.tmsa

[Sat Aug 27 14:30:48 2022]
Finished job 22.
5 of 25 steps (20%) done
Select jobs to execute...

[Sat Aug 27 14:30:48 2022]
Job 21: Step7: trimming by degePrimer ..
Reason: Missing output files: /share/data3/yangjunbo/git_storage/multiPrime/test_data/test.results/Clusters_trim_msa/Cluster_2_1.trim.tmsa; Input files updated by another job: /share/data3/yangjunbo/git_storage/multiPrime/test_data/test.results/Clusters_msa/Cluster_2_1.tmsa

[Sat Aug 27 14:30:48 2022]
Finished job 14.
6 of 25 steps (24%) done
Select jobs to execute...

[Sat Aug 27 14:30:48 2022]
Job 13: Step7: trimming by degePrimer ..
Reason: Missing output files: /share/data3/yangjunbo/git_storage/multiPrime/test_data/test.results/Clusters_trim_msa/Cluster_0_1.trim.tmsa; Input files updated by another job: /share/data3/yangjunbo/git_storage/multiPrime/test_data/test.results/Clusters_msa/Cluster_0_1.tmsa

[Sat Aug 27 14:30:48 2022]
Finished job 21.
7 of 25 steps (28%) done
Select jobs to execute...

[Sat Aug 27 14:30:48 2022]
Job 20: Step8: design primers by degePrimer ..
Reason: Missing output files: /share/data3/yangjunbo/git_storage/multiPrime/test_data/test.results/Clusters_primer/Cluster_2_1.top.primer.out; Input files updated by another job: /share/data3/yangjunbo/git_storage/multiPrime/test_data/test.results/Clusters_trim_msa/Cluster_2_1.trim.tmsa

[Sat Aug 27 14:30:48 2022]
Finished job 13.
8 of 25 steps (32%) done
Select jobs to execute...

[Sat Aug 27 14:30:48 2022]
Job 12: Step8: design primers by degePrimer ..
Reason: Missing output files: /share/data3/yangjunbo/git_storage/multiPrime/test_data/test.results/Clusters_primer/Cluster_0_1.top.primer.out; Input files updated by another job: /share/data3/yangjunbo/git_storage/multiPrime/test_data/test.results/Clusters_trim_msa/Cluster_0_1.trim.tmsa

[Sat Aug 27 14:30:54 2022]
Finished job 18.
9 of 25 steps (36%) done
Select jobs to execute...

[Sat Aug 27 14:30:54 2022]
Job 17: Step7: trimming by degePrimer ..
Reason: Missing output files: /share/data3/yangjunbo/git_storage/multiPrime/test_data/test.results/Clusters_trim_msa/Cluster_1_3.trim.tmsa; Input files updated by another job: /share/data3/yangjunbo/git_storage/multiPrime/test_data/test.results/Clusters_msa/Cluster_1_3.tmsa

[Sat Aug 27 14:30:54 2022]
Finished job 17.
10 of 25 steps (40%) done
Select jobs to execute...

[Sat Aug 27 14:30:54 2022]
Job 16: Step8: design primers by degePrimer ..
Reason: Missing output files: /share/data3/yangjunbo/git_storage/multiPrime/test_data/test.results/Clusters_primer/Cluster_1_3.top.primer.out; Input files updated by another job: /share/data3/yangjunbo/git_storage/multiPrime/test_data/test.results/Clusters_trim_msa/Cluster_1_3.trim.tmsa

[Sat Aug 27 14:30:57 2022]
Finished job 26.
11 of 25 steps (44%) done
Select jobs to execute...

[Sat Aug 27 14:30:57 2022]
Job 25: Step7: trimming by degePrimer ..
Reason: Missing output files: /share/data3/yangjunbo/git_storage/multiPrime/test_data/test.results/Clusters_trim_msa/Cluster_3_5.trim.tmsa; Input files updated by another job: /share/data3/yangjunbo/git_storage/multiPrime/test_data/test.results/Clusters_msa/Cluster_3_5.tmsa

[Sat Aug 27 14:30:58 2022]
Finished job 25.
12 of 25 steps (48%) done
Select jobs to execute...

[Sat Aug 27 14:30:58 2022]
Job 24: Step8: design primers by degePrimer ..
Reason: Missing output files: /share/data3/yangjunbo/git_storage/multiPrime/test_data/test.results/Clusters_primer/Cluster_3_5.top.primer.out; Input files updated by another job: /share/data3/yangjunbo/git_storage/multiPrime/test_data/test.results/Clusters_trim_msa/Cluster_3_5.trim.tmsa

[Sat Aug 27 14:31:38 2022]
Finished job 20.
13 of 25 steps (52%) done
Select jobs to execute...

[Sat Aug 27 14:31:38 2022]
Job 19: Step9: choose candidate primers for each cluster (hairpin, dimer (F-R) check) ..
Reason: Missing output files: /share/data3/yangjunbo/git_storage/multiPrime/test_data/test.results/Clusters_cprimer/Cluster_2_1.candidate.primers.txt; Input files updated by another job: /share/data3/yangjunbo/git_storage/multiPrime/test_data/test.results/Clusters_primer/Cluster_2_1.top.primer.out

[Sat Aug 27 14:31:55 2022]
Finished job 12.
14 of 25 steps (56%) done
Select jobs to execute...

[Sat Aug 27 14:31:55 2022]
Job 11: Step9: choose candidate primers for each cluster (hairpin, dimer (F-R) check) ..
Reason: Missing output files: /share/data3/yangjunbo/git_storage/multiPrime/test_data/test.results/Clusters_cprimer/Cluster_0_1.candidate.primers.txt; Input files updated by another job: /share/data3/yangjunbo/git_storage/multiPrime/test_data/test.results/Clusters_primer/Cluster_0_1.top.primer.out

Terminating processes on user request, this might take some time.
[Sat Aug 27 14:32:00 2022]
Error in rule degePrimer_design:
    jobid: 16
    output: /share/data3/yangjunbo/git_storage/multiPrime/test_data/test.results/Clusters_primer/Cluster_1_3.top.primer.out
    log: /share/data3/yangjunbo/git_storage/multiPrime/test_data/test.logs/DegePrime_Cluster_1_3.log (check log file(s) for error message)
    shell:
        
		perl /share/data3/yangjunbo/git_storage/multiPrime/scripts/DEGEPRIME-1.1.0/DegePrime.pl -i /share/data3/yangjunbo/git_storage/multiPrime/test_data/test.results/Clusters_trim_msa/Cluster_1_3.trim.tmsa 			-d 2 -l 18 			-o /share/data3/yangjunbo/git_storage/multiPrime/test_data/test.results/Clusters_primer/Cluster_1_3.top.primer.out 2>&1 > /share/data3/yangjunbo/git_storage/multiPrime/test_data/test.logs/DegePrime_Cluster_1_3.log
		
        (one of the commands exited with non-zero exit code; note that snakemake uses bash strict mode!)

[Sat Aug 27 14:32:00 2022]
Error in rule degePrimer_design:
    jobid: 24
    output: /share/data3/yangjunbo/git_storage/multiPrime/test_data/test.results/Clusters_primer/Cluster_3_5.top.primer.out
    log: /share/data3/yangjunbo/git_storage/multiPrime/test_data/test.logs/DegePrime_Cluster_3_5.log (check log file(s) for error message)
    shell:
        
		perl /share/data3/yangjunbo/git_storage/multiPrime/scripts/DEGEPRIME-1.1.0/DegePrime.pl -i /share/data3/yangjunbo/git_storage/multiPrime/test_data/test.results/Clusters_trim_msa/Cluster_3_5.trim.tmsa 			-d 2 -l 18 			-o /share/data3/yangjunbo/git_storage/multiPrime/test_data/test.results/Clusters_primer/Cluster_3_5.top.primer.out 2>&1 > /share/data3/yangjunbo/git_storage/multiPrime/test_data/test.logs/DegePrime_Cluster_3_5.log
		
        (one of the commands exited with non-zero exit code; note that snakemake uses bash strict mode!)

[Sat Aug 27 14:32:01 2022]
Error in rule get_degePrimer:
    jobid: 19
    output: /share/data3/yangjunbo/git_storage/multiPrime/test_data/test.results/Clusters_cprimer/Cluster_2_1.candidate.primers.txt
    log: /share/data3/yangjunbo/git_storage/multiPrime/test_data/test.logs/get_degePrimer_Cluster_2_1.log (check log file(s) for error message)
    shell:
        
		python /share/data3/yangjunbo/git_storage/multiPrime/scripts/get_degePrimer.py -i /share/data3/yangjunbo/git_storage/multiPrime/test_data/test.results/Clusters_primer/Cluster_2_1.top.primer.out -r /share/data3/yangjunbo/git_storage/multiPrime/test_data/test.results/Clusters_fa/Cluster_2_1.fa 			-f 0.7 -s 150,400 -g 0.4,0.6 			-d 5 -a , -n 1 			-o /share/data3/yangjunbo/git_storage/multiPrime/test_data/test.results/Clusters_cprimer/Cluster_2_1.candidate.primers.txt 2>&1 > /share/data3/yangjunbo/git_storage/multiPrime/test_data/test.logs/get_degePrimer_Cluster_2_1.log
		
        (one of the commands exited with non-zero exit code; note that snakemake uses bash strict mode!)

[Sat Aug 27 14:32:01 2022]
Error in rule get_degePrimer:
    jobid: 11
    output: /share/data3/yangjunbo/git_storage/multiPrime/test_data/test.results/Clusters_cprimer/Cluster_0_1.candidate.primers.txt
    log: /share/data3/yangjunbo/git_storage/multiPrime/test_data/test.logs/get_degePrimer_Cluster_0_1.log (check log file(s) for error message)
    shell:
        
		python /share/data3/yangjunbo/git_storage/multiPrime/scripts/get_degePrimer.py -i /share/data3/yangjunbo/git_storage/multiPrime/test_data/test.results/Clusters_primer/Cluster_0_1.top.primer.out -r /share/data3/yangjunbo/git_storage/multiPrime/test_data/test.results/Clusters_fa/Cluster_0_1.fa 			-f 0.7 -s 150,400 -g 0.4,0.6 			-d 5 -a , -n 1 			-o /share/data3/yangjunbo/git_storage/multiPrime/test_data/test.results/Clusters_cprimer/Cluster_0_1.candidate.primers.txt 2>&1 > /share/data3/yangjunbo/git_storage/multiPrime/test_data/test.logs/get_degePrimer_Cluster_0_1.log
		
        (one of the commands exited with non-zero exit code; note that snakemake uses bash strict mode!)

Complete log: .snakemake/log/2022-08-27T143047.178618.snakemake.log
