Config file multiPrime.yaml is extended by additional config specified via the command line.
Building DAG of jobs...
Using shell: /usr/bin/bash
Provided cores: 30
Rules claiming more threads will be scaled down.
Job stats:
job                            count    min threads    max threads
---------------------------  -------  -------------  -------------
aggregate_candidate_primers        1              1              1
all                                1              1              1
degePrimer_design                  4              1              1
get_Maxprimerset                   1              1              1
get_all_PCR_product                1              1              1
get_degePrimer                     4              1              1
mfeprimer_check                    1              1              1
total                             13              1              1

Select jobs to execute...

[Sat Aug 27 14:33:35 2022]
Job 11: Step8: design primers by degePrimer ..
Reason: Missing output files: /share/data3/yangjunbo/git_storage/multiPrime/test_data/test.results/Clusters_primer/Cluster_0_1.top.primer.out


[Sat Aug 27 14:33:35 2022]
Job 15: Step8: design primers by degePrimer ..
Reason: Missing output files: /share/data3/yangjunbo/git_storage/multiPrime/test_data/test.results/Clusters_primer/Cluster_1_3.top.primer.out


[Sat Aug 27 14:33:35 2022]
Job 19: Step8: design primers by degePrimer ..
Reason: Missing output files: /share/data3/yangjunbo/git_storage/multiPrime/test_data/test.results/Clusters_primer/Cluster_2_1.top.primer.out


[Sat Aug 27 14:33:35 2022]
Job 23: Step8: design primers by degePrimer ..
Reason: Missing output files: /share/data3/yangjunbo/git_storage/multiPrime/test_data/test.results/Clusters_primer/Cluster_3_5.top.primer.out

[Sat Aug 27 14:34:25 2022]
Finished job 19.
1 of 13 steps (8%) done
Select jobs to execute...

[Sat Aug 27 14:34:25 2022]
Job 18: Step9: choose candidate primers for each cluster (hairpin, dimer (F-R) check) ..
Reason: Missing output files: /share/data3/yangjunbo/git_storage/multiPrime/test_data/test.results/Clusters_cprimer/Cluster_2_1.candidate.primers.txt; Input files updated by another job: /share/data3/yangjunbo/git_storage/multiPrime/test_data/test.results/Clusters_primer/Cluster_2_1.top.primer.out

[Sat Aug 27 14:34:44 2022]
Finished job 11.
2 of 13 steps (15%) done
Select jobs to execute...

[Sat Aug 27 14:34:44 2022]
Job 10: Step9: choose candidate primers for each cluster (hairpin, dimer (F-R) check) ..
Reason: Missing output files: /share/data3/yangjunbo/git_storage/multiPrime/test_data/test.results/Clusters_cprimer/Cluster_0_1.candidate.primers.txt; Input files updated by another job: /share/data3/yangjunbo/git_storage/multiPrime/test_data/test.results/Clusters_primer/Cluster_0_1.top.primer.out

[Sat Aug 27 14:34:56 2022]
Finished job 15.
3 of 13 steps (23%) done
Select jobs to execute...

[Sat Aug 27 14:34:56 2022]
Job 14: Step9: choose candidate primers for each cluster (hairpin, dimer (F-R) check) ..
Reason: Missing output files: /share/data3/yangjunbo/git_storage/multiPrime/test_data/test.results/Clusters_cprimer/Cluster_1_3.candidate.primers.txt; Input files updated by another job: /share/data3/yangjunbo/git_storage/multiPrime/test_data/test.results/Clusters_primer/Cluster_1_3.top.primer.out

[Sat Aug 27 14:34:58 2022]
Finished job 23.
4 of 13 steps (31%) done
Select jobs to execute...

[Sat Aug 27 14:34:58 2022]
Job 22: Step9: choose candidate primers for each cluster (hairpin, dimer (F-R) check) ..
Reason: Missing output files: /share/data3/yangjunbo/git_storage/multiPrime/test_data/test.results/Clusters_cprimer/Cluster_3_5.candidate.primers.txt; Input files updated by another job: /share/data3/yangjunbo/git_storage/multiPrime/test_data/test.results/Clusters_primer/Cluster_3_5.top.primer.out

[Sat Aug 27 15:20:36 2022]
Finished job 14.
5 of 13 steps (38%) done
[Sat Aug 27 15:38:37 2022]
Finished job 22.
6 of 13 steps (46%) done
[Sat Aug 27 15:59:23 2022]
Finished job 18.
7 of 13 steps (54%) done
[Sat Aug 27 17:14:38 2022]
Finished job 10.
8 of 13 steps (62%) done
Select jobs to execute...

[Sat Aug 27 17:14:38 2022]
Job 1: Step10: prepare all candidate primers for primer selection ..
Reason: Missing output files: /share/data3/yangjunbo/git_storage/multiPrime/test_data/test.results/Primers_set/candidate_primers_sets.txt; Input files updated by another job: /share/data3/yangjunbo/git_storage/multiPrime/test_data/test.results/Clusters_cprimer/Cluster_1_3.candidate.primers.txt, /share/data3/yangjunbo/git_storage/multiPrime/test_data/test.results/Clusters_cprimer/Cluster_3_5.candidate.primers.txt, /share/data3/yangjunbo/git_storage/multiPrime/test_data/test.results/Clusters_cprimer/Cluster_0_1.candidate.primers.txt, /share/data3/yangjunbo/git_storage/multiPrime/test_data/test.results/Clusters_cprimer/Cluster_2_1.candidate.primers.txt

[Sat Aug 27 17:14:38 2022]
Finished job 1.
9 of 13 steps (69%) done
Select jobs to execute...

[Sat Aug 27 17:14:38 2022]
Job 6: Step11: select primers ..
Reason: Missing output files: /share/data3/yangjunbo/git_storage/multiPrime/test_data/test.results/Primers_set/final_maxprimers_set.xls; Input files updated by another job: /share/data3/yangjunbo/git_storage/multiPrime/test_data/test.results/Primers_set/candidate_primers_sets.txt

[Sat Aug 27 17:14:39 2022]
Finished job 6.
10 of 13 steps (77%) done
Select jobs to execute...

[Sat Aug 27 17:14:39 2022]
Job 7: Step12: extract PCR product from the input virus sequence ..
Reason: Missing output files: /share/data3/yangjunbo/git_storage/multiPrime/test_data/test.results/Primers_set/Coverage_stast.xls; Input files updated by another job: /share/data3/yangjunbo/git_storage/multiPrime/test_data/test.results/Primers_set/final_maxprimers_set.xls


[Sat Aug 27 17:14:39 2022]
Job 8: Step13: hairpin and dimer check .. 
Reason: Missing output files: /share/data3/yangjunbo/git_storage/multiPrime/test_data/test.results/Primers_set/final_maxprimers_set.fa.dimer; Input files updated by another job: /share/data3/yangjunbo/git_storage/multiPrime/test_data/test.results/Primers_set/final_maxprimers_set.xls

[Sat Aug 27 17:14:39 2022]
Finished job 8.
11 of 13 steps (85%) done
[Sat Aug 27 17:14:39 2022]
Finished job 7.
12 of 13 steps (92%) done
Select jobs to execute...

[Sat Aug 27 17:14:39 2022]
localrule all:
    input: /share/data3/yangjunbo/git_storage/multiPrime/test_data/test.results/Primers_set/candidate_primers_sets.txt, /share/data3/yangjunbo/git_storage/multiPrime/test_data/test.results/Primers_set/final_maxprimers_set.xls, /share/data3/yangjunbo/git_storage/multiPrime/test_data/test.results/Primers_set/Coverage_stast.xls, /share/data3/yangjunbo/git_storage/multiPrime/test_data/test.results/Primers_set/final_maxprimers_set.fa.dimer
    jobid: 0
    reason: Input files updated by another job: /share/data3/yangjunbo/git_storage/multiPrime/test_data/test.results/Primers_set/candidate_primers_sets.txt, /share/data3/yangjunbo/git_storage/multiPrime/test_data/test.results/Primers_set/final_maxprimers_set.xls, /share/data3/yangjunbo/git_storage/multiPrime/test_data/test.results/Primers_set/final_maxprimers_set.fa.dimer, /share/data3/yangjunbo/git_storage/multiPrime/test_data/test.results/Primers_set/Coverage_stast.xls
    resources: tmpdir=/tmp

[Sat Aug 27 17:14:39 2022]
Finished job 0.
13 of 13 steps (100%) done
Complete log: .snakemake/log/2022-08-27T143335.035429.snakemake.log
