Config file multiPrime.yaml is extended by additional config specified via the command line.
Building DAG of jobs...
Using shell: /usr/bin/bash
Provided cores: 30
Rules claiming more threads will be scaled down.
Job stats:
job                      count    min threads    max threads
---------------------  -------  -------------  -------------
all                          1              1              1
all_mfeprimer_check          1              1              1
core_mfeprimer_check         1              1              1
format_transition            1              1              1
get_Maxprimerset             1              1              1
get_all_PCR_product          1              1              1
get_core_Maxprimerset        1              1              1
get_core_PCR_product         1              1              1
get_core_primer_set          1              1              1
total                        9              1              1

Select jobs to execute...

[Wed Aug 31 15:41:17 2022]
Job 11: step12: extract core primer set...
Reason: Missing output files: /share/data3/yangjunbo/git_storage/multiPrime/test_data/test.results/Core_primers_set/core_candidate_primers_sets.txt


[Wed Aug 31 15:41:17 2022]
Job 6: Step11: extract Max_primer_set...
Reason: Missing output files: /share/data3/yangjunbo/git_storage/multiPrime/test_data/test.results/Primers_set/final_maxprimers_set.xls

[Wed Aug 31 15:41:19 2022]
Finished job 11.
1 of 9 steps (11%) done
Select jobs to execute...

[Wed Aug 31 15:41:19 2022]
rule format_transition:
    input: /share/data3/yangjunbo/git_storage/multiPrime/test_data/test.results/Core_primers_set/core_candidate_primers_sets.txt
    output: /share/data3/yangjunbo/git_storage/multiPrime/test_data/test.results/Core_primers_set/core_candidate_primers_sets.fa, /share/data3/yangjunbo/git_storage/multiPrime/test_data/test.results/Core_primers_set/core_candidate_primers_sets.number
    jobid: 13
    reason: Missing output files: /share/data3/yangjunbo/git_storage/multiPrime/test_data/test.results/Core_primers_set/core_candidate_primers_sets.number; Input files updated by another job: /share/data3/yangjunbo/git_storage/multiPrime/test_data/test.results/Core_primers_set/core_candidate_primers_sets.txt
    resources: tmpdir=/tmp


[Wed Aug 31 15:41:19 2022]
Job 10: step13: extract core Max_primer_set...
Reason: Missing output files: /share/data3/yangjunbo/git_storage/multiPrime/test_data/test.results/Core_primers_set/core_final_maxprimers_set.xls; Input files updated by another job: /share/data3/yangjunbo/git_storage/multiPrime/test_data/test.results/Core_primers_set/core_candidate_primers_sets.txt

[Wed Aug 31 15:41:20 2022]
Finished job 10.
2 of 9 steps (22%) done
Select jobs to execute...

[Wed Aug 31 15:41:20 2022]
Job 12: Step17: hairpin and dimer check .. 
Reason: Missing output files: /share/data3/yangjunbo/git_storage/multiPrime/test_data/test.results/Core_primers_set/core_final_maxprimers_set.fa.dimer; Input files updated by another job: /share/data3/yangjunbo/git_storage/multiPrime/test_data/test.results/Core_primers_set/core_final_maxprimers_set.xls


[Wed Aug 31 15:41:20 2022]
Job 9: Step15: extract core PCR product from the input virus sequence ..
Reason: Missing output files: /share/data3/yangjunbo/git_storage/multiPrime/test_data/test.results/Core_primers_set/core_Coverage_stast.xls; Input files updated by another job: /share/data3/yangjunbo/git_storage/multiPrime/test_data/test.results/Core_primers_set/core_final_maxprimers_set.xls

[Wed Aug 31 15:41:20 2022]
Finished job 13.
3 of 9 steps (33%) done
[Wed Aug 31 15:41:21 2022]
Error in rule core_mfeprimer_check:
    jobid: 12
    output: /share/data3/yangjunbo/git_storage/multiPrime/test_data/test.results/Core_primers_set/core_final_maxprimers_set.fa, /share/data3/yangjunbo/git_storage/multiPrime/test_data/test.results/Core_primers_set/core_final_maxprimers_set.fa.hairpin, /share/data3/yangjunbo/git_storage/multiPrime/test_data/test.results/Core_primers_set/core_final_maxprimers_set.fa.dimer
    shell:
        
		python /share/data3/yangjunbo/git_storage/multiPrime/scripts/primerset_format.py -i /share/data3/yangjunbo/git_storage/multiPrime/test_data/test.results/Core_primers_set/core_final_maxprimers_set.xls -o /share/data3/yangjunbo/git_storage/multiPrime/test_data/test.results/Core_primers_set/core_final_maxprimers_set.fa
		/share/data3/yangjunbo/git_storage/multiPrime/scripts/mfeprimer-3.2.6 hairpin -i /share/data3/yangjunbo/git_storage/multiPrime/test_data/test.results/Core_primers_set/core_final_maxprimers_set.fa -o /share/data3/yangjunbo/git_storage/multiPrime/test_data/test.results/Core_primers_set/core_final_maxprimers_set.fa.hairpin
		/share/data3/yangjunbo/git_storage/multiPrime/scripts/mfeprimer-3.2.6 dimer -i /share/data3/yangjunbo/git_storage/multiPrime/test_data/test.results/Core_primers_set/core_final_maxprimers_set.fa -o /share/data3/yangjunbo/git_storage/multiPrime/test_data/test.results/Core_primers_set/core_final_maxprimers_set.fa.dimer
		
        (one of the commands exited with non-zero exit code; note that snakemake uses bash strict mode!)

Removing output files of failed job core_mfeprimer_check since they might be corrupted:
/share/data3/yangjunbo/git_storage/multiPrime/test_data/test.results/Core_primers_set/core_final_maxprimers_set.fa, /share/data3/yangjunbo/git_storage/multiPrime/test_data/test.results/Core_primers_set/core_final_maxprimers_set.fa.hairpin
[Wed Aug 31 15:41:22 2022]
Finished job 9.
4 of 9 steps (44%) done
[Wed Aug 31 15:41:22 2022]
Finished job 6.
5 of 9 steps (56%) done
Shutting down, this might take some time.
Exiting because a job execution failed. Look above for error message
Complete log: .snakemake/log/2022-08-31T154116.817855.snakemake.log
