Config file multiPrime.yaml is extended by additional config specified via the command line.
Building DAG of jobs...
Using shell: /usr/bin/bash
Provided cores: 30
Rules claiming more threads will be scaled down.
Job stats:
job                    count    min threads    max threads
-------------------  -------  -------------  -------------
all                        1              1              1
get_Maxprimerset           1              1              1
get_all_PCR_product        1              1              1
mfeprimer_check            1              1              1
total                      4              1              1

Select jobs to execute...

[Fri Aug 26 14:04:02 2022]
Job 6: Step11: select primers ..
Reason: Input files updated by another job: /share/data3/yangjunbo/git_storage/multiPrime/test_data/test.results/Primers_set/candidate_primers_sets.txt

[Fri Aug 26 14:04:02 2022]
Finished job 6.
1 of 4 steps (25%) done
Select jobs to execute...

[Fri Aug 26 14:04:02 2022]
Job 7: Step12: extract PCR product from the input virus sequence ..
Reason: Input files updated by another job: /share/data3/yangjunbo/git_storage/multiPrime/test_data/test.results/Primers_set/final_maxprimers_set.xls


[Fri Aug 26 14:04:02 2022]
Job 8: Step13: hairpin and dimer check .. 
Reason: Input files updated by another job: /share/data3/yangjunbo/git_storage/multiPrime/test_data/test.results/Primers_set/final_maxprimers_set.xls

[Fri Aug 26 14:04:02 2022]
Finished job 8.
2 of 4 steps (50%) done
[Fri Aug 26 14:04:02 2022]
Finished job 7.
3 of 4 steps (75%) done
Select jobs to execute...

[Fri Aug 26 14:04:02 2022]
localrule all:
    input: /share/data3/yangjunbo/git_storage/multiPrime/test_data/test.results/Primers_set/candidate_primers_sets.txt, /share/data3/yangjunbo/git_storage/multiPrime/test_data/test.results/Primers_set/final_maxprimers_set.xls, /share/data3/yangjunbo/git_storage/multiPrime/test_data/test.results/Primers_set/Coverage_stast.xls, /share/data3/yangjunbo/git_storage/multiPrime/test_data/test.results/Primers_set/final_maxprimers_set.fa.dimer
    jobid: 0
    reason: Input files updated by another job: /share/data3/yangjunbo/git_storage/multiPrime/test_data/test.results/Primers_set/final_maxprimers_set.fa.dimer, /share/data3/yangjunbo/git_storage/multiPrime/test_data/test.results/Primers_set/final_maxprimers_set.xls, /share/data3/yangjunbo/git_storage/multiPrime/test_data/test.results/Primers_set/candidate_primers_sets.txt, /share/data3/yangjunbo/git_storage/multiPrime/test_data/test.results/Primers_set/Coverage_stast.xls
    resources: tmpdir=/tmp

[Fri Aug 26 14:04:02 2022]
Finished job 0.
4 of 4 steps (100%) done
Complete log: .snakemake/log/2022-08-26T140402.056918.snakemake.log
