Config file multiPrime.yaml is extended by additional config specified via the command line.
Building DAG of jobs...
Using shell: /usr/bin/bash
Provided cores: 30
Rules claiming more threads will be scaled down.
Job stats:
job                            count    min threads    max threads
---------------------------  -------  -------------  -------------
aggregate_candidate_primers        1              1              1
all                                1              1              1
cluster_by_identity                1              1              1
extract_cluster_fa                 1              1              1
get_Maxprimerset                   1              1              1
get_all_PCR_product                1              1              1
mfeprimer_check                    1              1              1
rmdup                              1              1              1
seq_format                         1              1              1
total                              9              1              1

Select jobs to execute...

[Mon Aug 29 09:44:45 2022]
Job 4: Step1: format fasta file..
Reason: Missing output files: /share/data3/yangjunbo/git_storage/multiPrime/test_data/test.results/Total_fa/test.format.fa

[Mon Aug 29 09:44:47 2022]
Finished job 4.
1 of 9 steps (11%) done
Select jobs to execute...

[Mon Aug 29 09:44:47 2022]
Job 3: Step3: remove duplicated sequence ..
Reason: Missing output files: /share/data3/yangjunbo/git_storage/multiPrime/test_data/test.results/Total_fa/test.format.rmdup.cluster.fa; Input files updated by another job: /share/data3/yangjunbo/git_storage/multiPrime/test_data/test.results/Total_fa/test.format.fa

[Mon Aug 29 09:44:47 2022]
Finished job 3.
2 of 9 steps (22%) done
Select jobs to execute...

[Mon Aug 29 09:44:47 2022]
Job 5: Step4: Cluster ..
Reason: Missing output files: /share/data3/yangjunbo/git_storage/multiPrime/test_data/test.results/Total_fa/test.format.rmdup.cluster.uniq.fa.clstr; Input files updated by another job: /share/data3/yangjunbo/git_storage/multiPrime/test_data/test.results/Total_fa/test.format.rmdup.cluster.fa

[Mon Aug 29 09:44:48 2022]
Finished job 5.
3 of 9 steps (33%) done
Select jobs to execute...

[Mon Aug 29 09:44:48 2022]
Job 2: Step5: extract fasta in each cluster from cd-hit results ..
Reason: Missing output files: /share/data3/yangjunbo/git_storage/multiPrime/test_data/test.results/cluster.txt; Input files updated by another job: /share/data3/yangjunbo/git_storage/multiPrime/test_data/test.results/Total_fa/test.format.rmdup.cluster.uniq.fa.clstr, /share/data3/yangjunbo/git_storage/multiPrime/test_data/test.results/Total_fa/test.format.rmdup.cluster.fa
Downstream jobs will be updated after completion.

[Mon Aug 29 09:44:50 2022]
Finished job 2.
4 of 9 steps (44%) done
Select jobs to execute...

[Mon Aug 29 09:44:52 2022]
Job 22: Step6: alignment by muscle ..
Reason: Missing output files: /share/data3/yangjunbo/git_storage/multiPrime/test_data/test.results/Clusters_msa/Cluster_2_1.tmsa


[Mon Aug 29 09:44:52 2022]
Job 26: Step6: alignment by muscle ..
Reason: Missing output files: /share/data3/yangjunbo/git_storage/multiPrime/test_data/test.results/Clusters_msa/Cluster_3_5.tmsa


[Mon Aug 29 09:44:52 2022]
Job 14: Step6: alignment by muscle ..
Reason: Missing output files: /share/data3/yangjunbo/git_storage/multiPrime/test_data/test.results/Clusters_msa/Cluster_0_1.tmsa


[Mon Aug 29 09:44:52 2022]
Job 18: Step6: alignment by muscle ..
Reason: Missing output files: /share/data3/yangjunbo/git_storage/multiPrime/test_data/test.results/Clusters_msa/Cluster_1_3.tmsa

[Mon Aug 29 09:44:53 2022]
Finished job 14.
5 of 25 steps (20%) done
[Mon Aug 29 09:44:53 2022]
Finished job 22.
6 of 25 steps (24%) done
Select jobs to execute...

[Mon Aug 29 09:44:53 2022]
Job 21: Step7: trimming by degePrimer ..
Reason: Missing output files: /share/data3/yangjunbo/git_storage/multiPrime/test_data/test.results/Clusters_trim_msa/Cluster_2_1.trim.tmsa; Input files updated by another job: /share/data3/yangjunbo/git_storage/multiPrime/test_data/test.results/Clusters_msa/Cluster_2_1.tmsa


[Mon Aug 29 09:44:53 2022]
Job 13: Step7: trimming by degePrimer ..
Reason: Missing output files: /share/data3/yangjunbo/git_storage/multiPrime/test_data/test.results/Clusters_trim_msa/Cluster_0_1.trim.tmsa; Input files updated by another job: /share/data3/yangjunbo/git_storage/multiPrime/test_data/test.results/Clusters_msa/Cluster_0_1.tmsa

[Mon Aug 29 09:44:55 2022]
Finished job 21.
7 of 25 steps (28%) done
Select jobs to execute...

[Mon Aug 29 09:44:55 2022]
Job 20: Step8: design primers by degePrimer ..
Reason: Missing output files: /share/data3/yangjunbo/git_storage/multiPrime/test_data/test.results/Clusters_primer/Cluster_2_1.top.primer.out; Input files updated by another job: /share/data3/yangjunbo/git_storage/multiPrime/test_data/test.results/Clusters_trim_msa/Cluster_2_1.trim.tmsa

[Mon Aug 29 09:44:55 2022]
Finished job 13.
8 of 25 steps (32%) done
Select jobs to execute...

[Mon Aug 29 09:44:55 2022]
Job 12: Step8: design primers by degePrimer ..
Reason: Missing output files: /share/data3/yangjunbo/git_storage/multiPrime/test_data/test.results/Clusters_primer/Cluster_0_1.top.primer.out; Input files updated by another job: /share/data3/yangjunbo/git_storage/multiPrime/test_data/test.results/Clusters_trim_msa/Cluster_0_1.trim.tmsa

[Mon Aug 29 09:44:58 2022]
Finished job 18.
9 of 25 steps (36%) done
Select jobs to execute...

[Mon Aug 29 09:44:58 2022]
Job 17: Step7: trimming by degePrimer ..
Reason: Missing output files: /share/data3/yangjunbo/git_storage/multiPrime/test_data/test.results/Clusters_trim_msa/Cluster_1_3.trim.tmsa; Input files updated by another job: /share/data3/yangjunbo/git_storage/multiPrime/test_data/test.results/Clusters_msa/Cluster_1_3.tmsa

[Mon Aug 29 09:44:58 2022]
Finished job 17.
10 of 25 steps (40%) done
Select jobs to execute...

[Mon Aug 29 09:44:58 2022]
Job 16: Step8: design primers by degePrimer ..
Reason: Missing output files: /share/data3/yangjunbo/git_storage/multiPrime/test_data/test.results/Clusters_primer/Cluster_1_3.top.primer.out; Input files updated by another job: /share/data3/yangjunbo/git_storage/multiPrime/test_data/test.results/Clusters_trim_msa/Cluster_1_3.trim.tmsa

[Mon Aug 29 09:45:02 2022]
Finished job 26.
11 of 25 steps (44%) done
Select jobs to execute...

[Mon Aug 29 09:45:02 2022]
Job 25: Step7: trimming by degePrimer ..
Reason: Missing output files: /share/data3/yangjunbo/git_storage/multiPrime/test_data/test.results/Clusters_trim_msa/Cluster_3_5.trim.tmsa; Input files updated by another job: /share/data3/yangjunbo/git_storage/multiPrime/test_data/test.results/Clusters_msa/Cluster_3_5.tmsa

[Mon Aug 29 09:45:02 2022]
Finished job 25.
12 of 25 steps (48%) done
Select jobs to execute...

[Mon Aug 29 09:45:02 2022]
Job 24: Step8: design primers by degePrimer ..
Reason: Missing output files: /share/data3/yangjunbo/git_storage/multiPrime/test_data/test.results/Clusters_primer/Cluster_3_5.top.primer.out; Input files updated by another job: /share/data3/yangjunbo/git_storage/multiPrime/test_data/test.results/Clusters_trim_msa/Cluster_3_5.trim.tmsa

[Mon Aug 29 09:45:51 2022]
Finished job 20.
13 of 25 steps (52%) done
Select jobs to execute...

[Mon Aug 29 09:45:51 2022]
Job 19: Step9: choose candidate primers for each cluster (hairpin, dimer (F-R) check) ..
Reason: Missing output files: /share/data3/yangjunbo/git_storage/multiPrime/test_data/test.results/Clusters_cprimer/Cluster_2_1.candidate.primers.txt; Input files updated by another job: /share/data3/yangjunbo/git_storage/multiPrime/test_data/test.results/Clusters_primer/Cluster_2_1.top.primer.out

[Mon Aug 29 09:46:07 2022]
Finished job 12.
14 of 25 steps (56%) done
Select jobs to execute...

[Mon Aug 29 09:46:07 2022]
Job 11: Step9: choose candidate primers for each cluster (hairpin, dimer (F-R) check) ..
Reason: Missing output files: /share/data3/yangjunbo/git_storage/multiPrime/test_data/test.results/Clusters_cprimer/Cluster_0_1.candidate.primers.txt; Input files updated by another job: /share/data3/yangjunbo/git_storage/multiPrime/test_data/test.results/Clusters_primer/Cluster_0_1.top.primer.out

[Mon Aug 29 09:46:22 2022]
Finished job 16.
15 of 25 steps (60%) done
Select jobs to execute...

[Mon Aug 29 09:46:22 2022]
Job 15: Step9: choose candidate primers for each cluster (hairpin, dimer (F-R) check) ..
Reason: Missing output files: /share/data3/yangjunbo/git_storage/multiPrime/test_data/test.results/Clusters_cprimer/Cluster_1_3.candidate.primers.txt; Input files updated by another job: /share/data3/yangjunbo/git_storage/multiPrime/test_data/test.results/Clusters_primer/Cluster_1_3.top.primer.out

[Mon Aug 29 09:46:29 2022]
Finished job 24.
16 of 25 steps (64%) done
Select jobs to execute...

[Mon Aug 29 09:46:29 2022]
Job 23: Step9: choose candidate primers for each cluster (hairpin, dimer (F-R) check) ..
Reason: Missing output files: /share/data3/yangjunbo/git_storage/multiPrime/test_data/test.results/Clusters_cprimer/Cluster_3_5.candidate.primers.txt; Input files updated by another job: /share/data3/yangjunbo/git_storage/multiPrime/test_data/test.results/Clusters_primer/Cluster_3_5.top.primer.out

[Mon Aug 29 10:08:38 2022]
Finished job 15.
17 of 25 steps (68%) done
[Mon Aug 29 10:27:45 2022]
Finished job 23.
18 of 25 steps (72%) done
[Mon Aug 29 10:58:10 2022]
Finished job 19.
19 of 25 steps (76%) done
[Mon Aug 29 12:35:12 2022]
Finished job 11.
20 of 25 steps (80%) done
Select jobs to execute...

[Mon Aug 29 12:35:12 2022]
Job 1: Step10: prepare all candidate primers for primer selection ..
Reason: Missing output files: /share/data3/yangjunbo/git_storage/multiPrime/test_data/test.results/Primers_set/candidate_primers_sets.txt; Input files updated by another job: /share/data3/yangjunbo/git_storage/multiPrime/test_data/test.results/Clusters_cprimer/Cluster_0_1.candidate.primers.txt, /share/data3/yangjunbo/git_storage/multiPrime/test_data/test.results/Clusters_cprimer/Cluster_3_5.candidate.primers.txt, /share/data3/yangjunbo/git_storage/multiPrime/test_data/test.results/Clusters_cprimer/Cluster_2_1.candidate.primers.txt, /share/data3/yangjunbo/git_storage/multiPrime/test_data/test.results/Clusters_cprimer/Cluster_1_3.candidate.primers.txt

[Mon Aug 29 12:35:13 2022]
Finished job 1.
21 of 25 steps (84%) done
Select jobs to execute...

[Mon Aug 29 12:35:13 2022]
Job 6: Step11: select primers ..
Reason: Missing output files: /share/data3/yangjunbo/git_storage/multiPrime/test_data/test.results/Primers_set/final_maxprimers_set.xls; Input files updated by another job: /share/data3/yangjunbo/git_storage/multiPrime/test_data/test.results/Primers_set/candidate_primers_sets.txt

[Mon Aug 29 12:35:13 2022]
Error in rule get_Maxprimerset:
    jobid: 6
    output: /share/data3/yangjunbo/git_storage/multiPrime/test_data/test.results/Primers_set/final_maxprimers_set.xls
    log: /share/data3/yangjunbo/git_storage/multiPrime/test_data/test.logs/get_Maxprimerset.log (check log file(s) for error message)
    shell:
        
		python /share/data3/yangjunbo/git_storage/multiPrime/scripts/get_Maxprimerset.py -i /share/data3/yangjunbo/git_storage/multiPrime/test_data/test.results/Primers_set/candidate_primers_sets.txt -s 5 			-m T -d 5 -l 2 -k 9 -o /share/data3/yangjunbo/git_storage/multiPrime/test_data/test.results/Primers_set/final_maxprimers_set.xls 			 2>&1 > /share/data3/yangjunbo/git_storage/multiPrime/test_data/test.logs/get_Maxprimerset.log
		
        (one of the commands exited with non-zero exit code; note that snakemake uses bash strict mode!)

Shutting down, this might take some time.
Exiting because a job execution failed. Look above for error message
Complete log: .snakemake/log/2022-08-29T094422.971914.snakemake.log
