Config file multiPrime.yaml is extended by additional config specified via the command line.
Building DAG of jobs...
Using shell: /usr/bin/bash
Provided cores: 30
Rules claiming more threads will be scaled down.
Job stats:
job                    count    min threads    max threads
-------------------  -------  -------------  -------------
all                        1              1              1
get_Maxprimerset           1              1              1
get_all_PCR_product        1              1              1
mfeprimer_check            1              1              1
total                      4              1              1

Select jobs to execute...

[Fri Aug 26 14:01:50 2022]
Job 6: Step11: select primers ..
Reason: Input files updated by another job: /share/data3/yangjunbo/git_storage/multiPrime/test_data/test.results/Primers_set/candidate_primers_sets.txt

[Fri Aug 26 14:01:50 2022]
Finished job 6.
1 of 4 steps (25%) done
Select jobs to execute...

[Fri Aug 26 14:01:50 2022]
Job 7: Step12: extract PCR product from the input virus sequence ..
Reason: Missing output files: /share/data3/yangjunbo/git_storage/multiPrime/test_data/test.results/Primers_set/Coverage_stast.xls; Input files updated by another job: /share/data3/yangjunbo/git_storage/multiPrime/test_data/test.results/Primers_set/final_maxprimers_set.xls


[Fri Aug 26 14:01:50 2022]
Job 8: Step13: hairpin and dimer check .. 
Reason: Input files updated by another job: /share/data3/yangjunbo/git_storage/multiPrime/test_data/test.results/Primers_set/final_maxprimers_set.xls

[Fri Aug 26 14:01:50 2022]
Finished job 8.
2 of 4 steps (50%) done
[Fri Aug 26 14:01:51 2022]
Error in rule get_all_PCR_product:
    jobid: 7
    output: /share/data3/yangjunbo/git_storage/multiPrime/test_data/test.results/Primers_set/PCR_product, /share/data3/yangjunbo/git_storage/multiPrime/test_data/test.results/Primers_set/Coverage_stast.xls
    shell:
        
		python /share/data3/yangjunbo/git_storage/multiPrime/scripts/extract_PCR_product.py -i /share/data3/yangjunbo/git_storage/multiPrime/test_data/test.results/Total_fa/test.format.fa -p /share/data3/yangjunbo/git_storage/multiPrime/test_data/test.results/Primers_set/final_maxprimers_set.xls 			-f xls -o /share/data3/yangjunbo/git_storage/multiPrime/test_data/test.results/Primers_set/PCR_product -s /share/data3/yangjunbo/git_storage/multiPrime/test_data/test.results/Primers_set/Coverage_stast.xls
		
        (one of the commands exited with non-zero exit code; note that snakemake uses bash strict mode!)

Removing output files of failed job get_all_PCR_product since they might be corrupted:
/share/data3/yangjunbo/git_storage/multiPrime/test_data/test.results/Primers_set/PCR_product, /share/data3/yangjunbo/git_storage/multiPrime/test_data/test.results/Primers_set/Coverage_stast.xls
Shutting down, this might take some time.
Exiting because a job execution failed. Look above for error message
Complete log: .snakemake/log/2022-08-26T140150.242323.snakemake.log
