Config file multiPrime.yaml is extended by additional config specified via the command line.
Building DAG of jobs...
Using shell: /usr/bin/bash
Provided cores: 30
Rules claiming more threads will be scaled down.
Job stats:
job                            count    min threads    max threads
---------------------------  -------  -------------  -------------
aggregate_candidate_primers        1              1              1
all                                1              1              1
cluster_by_identity                1              1              1
extract_cluster_fa                 1              1              1
get_Maxprimerset                   1              1              1
get_all_PCR_product                1              1              1
mfeprimer_check                    1              1              1
rmdup                              1              1              1
seq_format                         1              1              1
total                              9              1              1

Select jobs to execute...

[Sat Aug 27 17:51:05 2022]
Job 4: Step1: format fasta file..
Reason: Missing output files: /share/data3/yangjunbo/git_storage/multiPrime/test_data/test.results/Total_fa/test.format.fa

[Sat Aug 27 17:51:05 2022]
Finished job 4.
1 of 9 steps (11%) done
Select jobs to execute...

[Sat Aug 27 17:51:05 2022]
Job 3: Step3: remove duplicated sequence ..
Reason: Missing output files: /share/data3/yangjunbo/git_storage/multiPrime/test_data/test.results/Total_fa/test.format.rmdup.cluster.fa; Input files updated by another job: /share/data3/yangjunbo/git_storage/multiPrime/test_data/test.results/Total_fa/test.format.fa

[Sat Aug 27 17:51:06 2022]
Finished job 3.
2 of 9 steps (22%) done
Select jobs to execute...

[Sat Aug 27 17:51:06 2022]
Job 5: Step4: Cluster ..
Reason: Missing output files: /share/data3/yangjunbo/git_storage/multiPrime/test_data/test.results/Total_fa/test.format.rmdup.cluster.uniq.fa.clstr; Input files updated by another job: /share/data3/yangjunbo/git_storage/multiPrime/test_data/test.results/Total_fa/test.format.rmdup.cluster.fa

[Sat Aug 27 17:51:07 2022]
Finished job 5.
3 of 9 steps (33%) done
Select jobs to execute...

[Sat Aug 27 17:51:07 2022]
Job 2: Step5: extract fasta in each cluster from cd-hit results ..
Reason: Missing output files: /share/data3/yangjunbo/git_storage/multiPrime/test_data/test.results/cluster.txt; Input files updated by another job: /share/data3/yangjunbo/git_storage/multiPrime/test_data/test.results/Total_fa/test.format.rmdup.cluster.uniq.fa.clstr, /share/data3/yangjunbo/git_storage/multiPrime/test_data/test.results/Total_fa/test.format.rmdup.cluster.fa
Downstream jobs will be updated after completion.

[Sat Aug 27 17:51:07 2022]
Finished job 2.
4 of 9 steps (44%) done
Select jobs to execute...

[Sat Aug 27 17:51:07 2022]
Job 22: Step6: alignment by muscle ..
Reason: Missing output files: /share/data3/yangjunbo/git_storage/multiPrime/test_data/test.results/Clusters_msa/Cluster_2_1.tmsa


[Sat Aug 27 17:51:07 2022]
Job 26: Step6: alignment by muscle ..
Reason: Missing output files: /share/data3/yangjunbo/git_storage/multiPrime/test_data/test.results/Clusters_msa/Cluster_3_5.tmsa


[Sat Aug 27 17:51:07 2022]
Job 14: Step6: alignment by muscle ..
Reason: Missing output files: /share/data3/yangjunbo/git_storage/multiPrime/test_data/test.results/Clusters_msa/Cluster_0_1.tmsa


[Sat Aug 27 17:51:07 2022]
Job 18: Step6: alignment by muscle ..
Reason: Missing output files: /share/data3/yangjunbo/git_storage/multiPrime/test_data/test.results/Clusters_msa/Cluster_1_3.tmsa

[Sat Aug 27 17:51:07 2022]
Finished job 22.
5 of 25 steps (20%) done
Select jobs to execute...

[Sat Aug 27 17:51:07 2022]
Job 21: Step7: trimming by degePrimer ..
Reason: Missing output files: /share/data3/yangjunbo/git_storage/multiPrime/test_data/test.results/Clusters_trim_msa/Cluster_2_1.trim.tmsa; Input files updated by another job: /share/data3/yangjunbo/git_storage/multiPrime/test_data/test.results/Clusters_msa/Cluster_2_1.tmsa

[Sat Aug 27 17:51:07 2022]
Finished job 14.
6 of 25 steps (24%) done
Select jobs to execute...

[Sat Aug 27 17:51:07 2022]
Job 13: Step7: trimming by degePrimer ..
Reason: Missing output files: /share/data3/yangjunbo/git_storage/multiPrime/test_data/test.results/Clusters_trim_msa/Cluster_0_1.trim.tmsa; Input files updated by another job: /share/data3/yangjunbo/git_storage/multiPrime/test_data/test.results/Clusters_msa/Cluster_0_1.tmsa

[Sat Aug 27 17:51:07 2022]
Finished job 21.
7 of 25 steps (28%) done
Select jobs to execute...

[Sat Aug 27 17:51:07 2022]
Job 20: Step8: design primers by degePrimer ..
Reason: Missing output files: /share/data3/yangjunbo/git_storage/multiPrime/test_data/test.results/Clusters_primer/Cluster_2_1.top.primer.out; Input files updated by another job: /share/data3/yangjunbo/git_storage/multiPrime/test_data/test.results/Clusters_trim_msa/Cluster_2_1.trim.tmsa

[Sat Aug 27 17:51:07 2022]
Finished job 13.
8 of 25 steps (32%) done
Select jobs to execute...

[Sat Aug 27 17:51:07 2022]
Job 12: Step8: design primers by degePrimer ..
Reason: Missing output files: /share/data3/yangjunbo/git_storage/multiPrime/test_data/test.results/Clusters_primer/Cluster_0_1.top.primer.out; Input files updated by another job: /share/data3/yangjunbo/git_storage/multiPrime/test_data/test.results/Clusters_trim_msa/Cluster_0_1.trim.tmsa

[Sat Aug 27 17:51:12 2022]
Finished job 18.
9 of 25 steps (36%) done
Select jobs to execute...

[Sat Aug 27 17:51:12 2022]
Job 17: Step7: trimming by degePrimer ..
Reason: Missing output files: /share/data3/yangjunbo/git_storage/multiPrime/test_data/test.results/Clusters_trim_msa/Cluster_1_3.trim.tmsa; Input files updated by another job: /share/data3/yangjunbo/git_storage/multiPrime/test_data/test.results/Clusters_msa/Cluster_1_3.tmsa

[Sat Aug 27 17:51:12 2022]
Finished job 17.
10 of 25 steps (40%) done
Select jobs to execute...

[Sat Aug 27 17:51:12 2022]
Job 16: Step8: design primers by degePrimer ..
Reason: Missing output files: /share/data3/yangjunbo/git_storage/multiPrime/test_data/test.results/Clusters_primer/Cluster_1_3.top.primer.out; Input files updated by another job: /share/data3/yangjunbo/git_storage/multiPrime/test_data/test.results/Clusters_trim_msa/Cluster_1_3.trim.tmsa

[Sat Aug 27 17:51:16 2022]
Finished job 26.
11 of 25 steps (44%) done
Select jobs to execute...

[Sat Aug 27 17:51:16 2022]
Job 25: Step7: trimming by degePrimer ..
Reason: Missing output files: /share/data3/yangjunbo/git_storage/multiPrime/test_data/test.results/Clusters_trim_msa/Cluster_3_5.trim.tmsa; Input files updated by another job: /share/data3/yangjunbo/git_storage/multiPrime/test_data/test.results/Clusters_msa/Cluster_3_5.tmsa

[Sat Aug 27 17:51:16 2022]
Finished job 25.
12 of 25 steps (48%) done
Select jobs to execute...

[Sat Aug 27 17:51:16 2022]
Job 24: Step8: design primers by degePrimer ..
Reason: Missing output files: /share/data3/yangjunbo/git_storage/multiPrime/test_data/test.results/Clusters_primer/Cluster_3_5.top.primer.out; Input files updated by another job: /share/data3/yangjunbo/git_storage/multiPrime/test_data/test.results/Clusters_trim_msa/Cluster_3_5.trim.tmsa

[Sat Aug 27 17:51:59 2022]
Finished job 20.
13 of 25 steps (52%) done
Select jobs to execute...

[Sat Aug 27 17:51:59 2022]
Job 19: Step9: choose candidate primers for each cluster (hairpin, dimer (F-R) check) ..
Reason: Missing output files: /share/data3/yangjunbo/git_storage/multiPrime/test_data/test.results/Clusters_cprimer/Cluster_2_1.candidate.primers.txt; Input files updated by another job: /share/data3/yangjunbo/git_storage/multiPrime/test_data/test.results/Clusters_primer/Cluster_2_1.top.primer.out; Params have changed since last execution

[Sat Aug 27 17:52:15 2022]
Finished job 12.
14 of 25 steps (56%) done
Select jobs to execute...

[Sat Aug 27 17:52:15 2022]
Job 11: Step9: choose candidate primers for each cluster (hairpin, dimer (F-R) check) ..
Reason: Missing output files: /share/data3/yangjunbo/git_storage/multiPrime/test_data/test.results/Clusters_cprimer/Cluster_0_1.candidate.primers.txt; Input files updated by another job: /share/data3/yangjunbo/git_storage/multiPrime/test_data/test.results/Clusters_primer/Cluster_0_1.top.primer.out; Params have changed since last execution

[Sat Aug 27 17:52:35 2022]
Finished job 16.
15 of 25 steps (60%) done
Select jobs to execute...

[Sat Aug 27 17:52:35 2022]
Job 15: Step9: choose candidate primers for each cluster (hairpin, dimer (F-R) check) ..
Reason: Missing output files: /share/data3/yangjunbo/git_storage/multiPrime/test_data/test.results/Clusters_cprimer/Cluster_1_3.candidate.primers.txt; Input files updated by another job: /share/data3/yangjunbo/git_storage/multiPrime/test_data/test.results/Clusters_primer/Cluster_1_3.top.primer.out; Params have changed since last execution

[Sat Aug 27 17:52:43 2022]
Finished job 24.
16 of 25 steps (64%) done
Select jobs to execute...

[Sat Aug 27 17:52:43 2022]
Job 23: Step9: choose candidate primers for each cluster (hairpin, dimer (F-R) check) ..
Reason: Missing output files: /share/data3/yangjunbo/git_storage/multiPrime/test_data/test.results/Clusters_cprimer/Cluster_3_5.candidate.primers.txt; Input files updated by another job: /share/data3/yangjunbo/git_storage/multiPrime/test_data/test.results/Clusters_primer/Cluster_3_5.top.primer.out; Params have changed since last execution

[Sat Aug 27 18:25:27 2022]
Finished job 15.
17 of 25 steps (68%) done
[Sat Aug 27 18:53:28 2022]
Finished job 23.
18 of 25 steps (72%) done
[Sat Aug 27 19:02:00 2022]
Finished job 19.
19 of 25 steps (76%) done
[Sat Aug 27 20:18:03 2022]
Finished job 11.
20 of 25 steps (80%) done
Select jobs to execute...

[Sat Aug 27 20:18:03 2022]
Job 1: Step10: prepare all candidate primers for primer selection ..
Reason: Missing output files: /share/data3/yangjunbo/git_storage/multiPrime/test_data/test.results/Primers_set/candidate_primers_sets.txt; Input files updated by another job: /share/data3/yangjunbo/git_storage/multiPrime/test_data/test.results/Clusters_cprimer/Cluster_2_1.candidate.primers.txt, /share/data3/yangjunbo/git_storage/multiPrime/test_data/test.results/Clusters_cprimer/Cluster_0_1.candidate.primers.txt, /share/data3/yangjunbo/git_storage/multiPrime/test_data/test.results/Clusters_cprimer/Cluster_3_5.candidate.primers.txt, /share/data3/yangjunbo/git_storage/multiPrime/test_data/test.results/Clusters_cprimer/Cluster_1_3.candidate.primers.txt

[Sat Aug 27 20:18:04 2022]
Finished job 1.
21 of 25 steps (84%) done
Select jobs to execute...

[Sat Aug 27 20:18:04 2022]
Job 6: Step11: select primers ..
Reason: Missing output files: /share/data3/yangjunbo/git_storage/multiPrime/test_data/test.results/Primers_set/final_maxprimers_set.xls; Input files updated by another job: /share/data3/yangjunbo/git_storage/multiPrime/test_data/test.results/Primers_set/candidate_primers_sets.txt

[Sat Aug 27 20:18:05 2022]
Finished job 6.
22 of 25 steps (88%) done
Select jobs to execute...

[Sat Aug 27 20:18:05 2022]
Job 7: Step12: extract PCR product from the input virus sequence ..
Reason: Missing output files: /share/data3/yangjunbo/git_storage/multiPrime/test_data/test.results/Primers_set/Coverage_stast.xls; Input files updated by another job: /share/data3/yangjunbo/git_storage/multiPrime/test_data/test.results/Total_fa/test.format.fa, /share/data3/yangjunbo/git_storage/multiPrime/test_data/test.results/Primers_set/final_maxprimers_set.xls


[Sat Aug 27 20:18:05 2022]
Job 8: Step13: hairpin and dimer check .. 
Reason: Missing output files: /share/data3/yangjunbo/git_storage/multiPrime/test_data/test.results/Primers_set/final_maxprimers_set.fa.dimer; Input files updated by another job: /share/data3/yangjunbo/git_storage/multiPrime/test_data/test.results/Primers_set/final_maxprimers_set.xls

[Sat Aug 27 20:18:06 2022]
Finished job 8.
23 of 25 steps (92%) done
[Sat Aug 27 20:18:09 2022]
Finished job 7.
24 of 25 steps (96%) done
Select jobs to execute...

[Sat Aug 27 20:18:10 2022]
localrule all:
    input: /share/data3/yangjunbo/git_storage/multiPrime/test_data/test.results/Primers_set/candidate_primers_sets.txt, /share/data3/yangjunbo/git_storage/multiPrime/test_data/test.results/Primers_set/final_maxprimers_set.xls, /share/data3/yangjunbo/git_storage/multiPrime/test_data/test.results/Primers_set/Coverage_stast.xls, /share/data3/yangjunbo/git_storage/multiPrime/test_data/test.results/Primers_set/final_maxprimers_set.fa.dimer
    jobid: 0
    reason: Input files updated by another job: /share/data3/yangjunbo/git_storage/multiPrime/test_data/test.results/Primers_set/final_maxprimers_set.xls, /share/data3/yangjunbo/git_storage/multiPrime/test_data/test.results/Primers_set/Coverage_stast.xls, /share/data3/yangjunbo/git_storage/multiPrime/test_data/test.results/Primers_set/final_maxprimers_set.fa.dimer, /share/data3/yangjunbo/git_storage/multiPrime/test_data/test.results/Primers_set/candidate_primers_sets.txt
    resources: tmpdir=/tmp

[Sat Aug 27 20:18:10 2022]
Finished job 0.
25 of 25 steps (100%) done
Complete log: .snakemake/log/2022-08-27T175105.595246.snakemake.log
