Config file multiPrime3.yaml is extended by additional config specified via the command line.
Building DAG of jobs...
Using shell: /usr/bin/bash
Provided cores: 10
Rules claiming more threads will be scaled down.
Provided resources: mem_mb=80000
Job stats:
job                        count    min threads    max threads
-----------------------  -------  -------------  -------------
BWT_validation                 1              1              1
all                            1              1              1
all_mfeprimer_check            1              1              1
core_mfeprimer_check           1              1              1
format_transition              1              1              1
get_Maxprimerset               1              1              1
get_all_PCR_product            1              1              1
get_candidate_primer_fa        1              1              1
get_core_Maxprimerset          1              1              1
get_core_PCR_product           1              1              1
get_core_primer_set            1              1              1
total                         11              1              1

Select jobs to execute...

[Fri Jun 16 13:31:15 2023]
Job 12: step12: Extract core primer set...
Reason: Missing output files: /share/data3/yangjunbo/git_storage/multiPrime/test_data/results/Core_primers_set/core_candidate_primers_sets.txt; Input files updated by another job: /share/data3/yangjunbo/git_storage/multiPrime/test_data/results/Primers_set/candidate_primers_sets.txt


[Fri Jun 16 13:31:15 2023]
Job 6: Step11: Try to find Max_primer_set...
Reason: Input files updated by another job: /share/data3/yangjunbo/git_storage/multiPrime/test_data/results/Primers_set/candidate_primers_sets.txt


[Fri Jun 16 13:31:15 2023]
Job 8: Step10: Get candidate primers ..
Reason: Input files updated by another job: /share/data3/yangjunbo/git_storage/multiPrime/test_data/results/Primers_set/candidate_primers_sets.txt

[Fri Jun 16 13:31:16 2023]
Finished job 8.
1 of 11 steps (9%) done
[Fri Jun 16 13:31:16 2023]
Finished job 12.
2 of 11 steps (18%) done
Select jobs to execute...

[Fri Jun 16 13:31:16 2023]
Job 14: Step14: Format transition ..
Reason: Missing output files: /share/data3/yangjunbo/git_storage/multiPrime/test_data/results/Core_primers_set/core_candidate_primers_sets.number; Input files updated by another job: /share/data3/yangjunbo/git_storage/multiPrime/test_data/results/Core_primers_set/core_candidate_primers_sets.txt


[Fri Jun 16 13:31:16 2023]
Job 11: Step13: Try to find core Max_primer_set ..
Reason: Missing output files: /share/data3/yangjunbo/git_storage/multiPrime/test_data/results/Core_primers_set/core_final_maxprimers_set.xls; Input files updated by another job: /share/data3/yangjunbo/git_storage/multiPrime/test_data/results/Core_primers_set/core_candidate_primers_sets.txt

[Fri Jun 16 13:31:16 2023]
Finished job 14.
3 of 11 steps (27%) done
[Fri Jun 16 13:31:16 2023]
Finished job 11.
4 of 11 steps (36%) done
Select jobs to execute...

[Fri Jun 16 13:31:16 2023]
Job 13: Step18: Hairpin and dimer check by mfeprimer.. 
Reason: Missing output files: /share/data3/yangjunbo/git_storage/multiPrime/test_data/results/Core_primers_set/core_final_maxprimers_set.fa.dimer, /share/data3/yangjunbo/git_storage/multiPrime/test_data/results/Core_primers_set/core_final_maxprimers_set.fa; Input files updated by another job: /share/data3/yangjunbo/git_storage/multiPrime/test_data/results/Core_primers_set/core_final_maxprimers_set.xls


[Fri Jun 16 13:31:16 2023]
Job 10: Step16: Extract core PCR product from the input virus sequence (non-mismatch) ..
Reason: Missing output files: /share/data3/yangjunbo/git_storage/multiPrime/test_data/results/Core_primers_set/core_Coverage_stast.xls; Input files updated by another job: /share/data3/yangjunbo/git_storage/multiPrime/test_data/results/Core_primers_set/core_final_maxprimers_set.xls

[Fri Jun 16 13:31:16 2023]
Finished job 6.
5 of 11 steps (45%) done
Select jobs to execute...

[Fri Jun 16 13:31:16 2023]
Job 7: Step15: Extract PCR product from the input virus sequence (non-mismatch) ..
Reason: Input files updated by another job: /share/data3/yangjunbo/git_storage/multiPrime/test_data/results/Primers_set/final_maxprimers_set.xls


[Fri Jun 16 13:31:16 2023]
Job 9: Step17: Hairpin and dimer check by mfeprimer ..
Reason: Input files updated by another job: /share/data3/yangjunbo/git_storage/multiPrime/test_data/results/Primers_set/final_maxprimers_set.xls

[Fri Jun 16 13:31:17 2023]
Finished job 13.
6 of 11 steps (55%) done
Select jobs to execute...

[Fri Jun 16 13:31:17 2023]
Job 15: Step19: Primer coverage clculation .. 
Reason: Missing output files: /share/data3/yangjunbo/git_storage/multiPrime/test_data/results/Core_primers_set/BWT_coverage/core_final_maxprimers_set.out; Input files updated by another job: /share/data3/yangjunbo/git_storage/multiPrime/test_data/results/Core_primers_set/core_final_maxprimers_set.fa

[Fri Jun 16 13:31:17 2023]
Finished job 9.
7 of 11 steps (64%) done
[Fri Jun 16 13:31:18 2023]
Finished job 10.
8 of 11 steps (73%) done
[Fri Jun 16 13:31:18 2023]
Finished job 7.
9 of 11 steps (82%) done
[Fri Jun 16 13:32:26 2023]
Finished job 15.
10 of 11 steps (91%) done
Select jobs to execute...

[Fri Jun 16 13:32:26 2023]
localrule all:
    input: /share/data3/yangjunbo/git_storage/multiPrime/test_data/results/Primers_set/candidate_primers_sets.txt, /share/data3/yangjunbo/git_storage/multiPrime/test_data/results/Primers_set/final_maxprimers_set.xls, /share/data3/yangjunbo/git_storage/multiPrime/test_data/results/Primers_set/Coverage_stast.xls, /share/data3/yangjunbo/git_storage/multiPrime/test_data/results/Primers_set/candidate_primers_sets.number, /share/data3/yangjunbo/git_storage/multiPrime/test_data/results/Primers_set/final_maxprimers_set.fa.dimer, /share/data3/yangjunbo/git_storage/multiPrime/test_data/results/Core_primers_set/core_Coverage_stast.xls, /share/data3/yangjunbo/git_storage/multiPrime/test_data/results/Core_primers_set/core_final_maxprimers_set.fa.dimer, /share/data3/yangjunbo/git_storage/multiPrime/test_data/results/Core_primers_set/core_candidate_primers_sets.number, /share/data3/yangjunbo/git_storage/multiPrime/test_data/results/Core_primers_set/BWT_coverage/core_final_maxprimers_set.out
    jobid: 0
    reason: Input files updated by another job: /share/data3/yangjunbo/git_storage/multiPrime/test_data/results/Primers_set/Coverage_stast.xls, /share/data3/yangjunbo/git_storage/multiPrime/test_data/results/Primers_set/final_maxprimers_set.xls, /share/data3/yangjunbo/git_storage/multiPrime/test_data/results/Primers_set/candidate_primers_sets.number, /share/data3/yangjunbo/git_storage/multiPrime/test_data/results/Primers_set/candidate_primers_sets.txt, /share/data3/yangjunbo/git_storage/multiPrime/test_data/results/Primers_set/final_maxprimers_set.fa.dimer, /share/data3/yangjunbo/git_storage/multiPrime/test_data/results/Core_primers_set/core_Coverage_stast.xls, /share/data3/yangjunbo/git_storage/multiPrime/test_data/results/Core_primers_set/core_final_maxprimers_set.fa.dimer, /share/data3/yangjunbo/git_storage/multiPrime/test_data/results/Core_primers_set/BWT_coverage/core_final_maxprimers_set.out, /share/data3/yangjunbo/git_storage/multiPrime/test_data/results/Core_primers_set/core_candidate_primers_sets.number
    resources: tmpdir=/tmp

[Fri Jun 16 13:32:26 2023]
Finished job 0.
11 of 11 steps (100%) done
Complete log: .snakemake/log/2023-06-16T133105.860139.snakemake.log
