Config file multiPrime3.yaml is extended by additional config specified via the command line.
Building DAG of jobs...
Using shell: /usr/bin/bash
Provided cores: 10
Rules claiming more threads will be scaled down.
Provided resources: mem_mb=80000
Job stats:
job                            count    min threads    max threads
---------------------------  -------  -------------  -------------
BWT_validation                     1              1              1
aggregate_candidate_primers        1              1              1
all                                1              1              1
all_mfeprimer_check                1              1              1
build_dict                         1              1              1
cluster_by_identity                1              1              1
core_mfeprimer_check               1              1              1
extract_cluster_fa                 1              1              1
format_transition                  1              1              1
get_Maxprimerset                   1              1              1
get_all_PCR_product                1              1              1
get_candidate_primer_fa            1              1              1
get_core_Maxprimerset              1              1              1
get_core_PCR_product               1              1              1
get_core_primer_set                1              1              1
rmdup                              1              1              1
seq_format                         1              1              1
total                             17              1              1

Select jobs to execute...

[Fri Jun 16 13:12:33 2023]
Job 4: Step1: format fasta file..
Reason: Missing output files: /share/data3/yangjunbo/git_storage/multiPrime/test_data/results/Total_fa/CDS_20727.format.fa

[Fri Jun 16 13:12:34 2023]
Finished job 4.
1 of 17 steps (6%) done
Select jobs to execute...

[Fri Jun 16 13:12:36 2023]
Job 16: Step2: build dict form format sequences..
Reason: Missing output files: /share/data3/yangjunbo/git_storage/multiPrime/test_data/results/Total_fa/CDS_20727.format.dict; Input files updated by another job: /share/data3/yangjunbo/git_storage/multiPrime/test_data/results/Total_fa/CDS_20727.format.fa


[Fri Jun 16 13:12:36 2023]
Job 3: Step3: Remove duplicated sequence ..
Reason: Missing output files: /share/data3/yangjunbo/git_storage/multiPrime/test_data/results/Total_fa/CDS_20727.format.rmdup.cluster.fa; Input files updated by another job: /share/data3/yangjunbo/git_storage/multiPrime/test_data/results/Total_fa/CDS_20727.format.fa

[Fri Jun 16 13:12:36 2023]
Finished job 16.
2 of 17 steps (12%) done
[Fri Jun 16 13:13:05 2023]
Finished job 3.
3 of 17 steps (18%) done
Select jobs to execute...

[Fri Jun 16 13:13:05 2023]
Job 5: Step4: Cluster sequences by identity ..
Reason: Missing output files: /share/data3/yangjunbo/git_storage/multiPrime/test_data/results/Total_fa/CDS_20727.format.rmdup.cluster.uniq.fa.clstr; Input files updated by another job: /share/data3/yangjunbo/git_storage/multiPrime/test_data/results/Total_fa/CDS_20727.format.rmdup.cluster.fa

[Fri Jun 16 13:13:09 2023]
Finished job 5.
4 of 17 steps (24%) done
Select jobs to execute...

[Fri Jun 16 13:13:09 2023]
Job 2: Step5: Extract fasta from cd-hit results ..
Reason: Missing output files: /share/data3/yangjunbo/git_storage/multiPrime/test_data/results/cluster.txt; Input files updated by another job: /share/data3/yangjunbo/git_storage/multiPrime/test_data/results/Total_fa/CDS_20727.format.rmdup.cluster.uniq.fa.clstr, /share/data3/yangjunbo/git_storage/multiPrime/test_data/results/Total_fa/CDS_20727.format.rmdup.cluster.fa
Downstream jobs will be updated after completion.

[Fri Jun 16 13:13:19 2023]
Finished job 2.
5 of 17 steps (29%) done
Select jobs to execute...

[Fri Jun 16 13:13:19 2023]
Job 21: Step6: Alignment by MAFFT/muscle .. 		        Targets information extraction ..
Reason: Missing output files: /share/data3/yangjunbo/git_storage/multiPrime/test_data/results/Clusters_msa/Cluster_0_20727.tmsa

[Fri Jun 16 13:13:27 2023]
Finished job 21.
6 of 20 steps (30%) done
Select jobs to execute...

[Fri Jun 16 13:13:27 2023]
Job 20: Step7: Design primers by multiPrime ..
Reason: Missing output files: /share/data3/yangjunbo/git_storage/multiPrime/test_data/results/Clusters_primer/Cluster_0_20727.top.primer.out; Input files updated by another job: /share/data3/yangjunbo/git_storage/multiPrime/test_data/results/Clusters_msa/Cluster_0_20727.tmsa

[Fri Jun 16 13:14:30 2023]
Finished job 20.
7 of 20 steps (35%) done
Select jobs to execute...

[Fri Jun 16 13:14:30 2023]
Job 19: Step8: Filter candidate primeri pairs for each cluster (hairpin, dimer (F-R) check) ..
Reason: Missing output files: /share/data3/yangjunbo/git_storage/multiPrime/test_data/results/Clusters_cprimer/Cluster_0_20727.candidate.primers.txt; Input files updated by another job: /share/data3/yangjunbo/git_storage/multiPrime/test_data/results/Clusters_primer/Cluster_0_20727.top.primer.out

[Fri Jun 16 13:14:44 2023]
Finished job 19.
8 of 20 steps (40%) done
Select jobs to execute...

[Fri Jun 16 13:14:44 2023]
Job 1: Step9: Prepare all candidate primers for primer selection ..
Reason: Missing output files: /share/data3/yangjunbo/git_storage/multiPrime/test_data/results/Primers_set/candidate_primers_sets.txt; Input files updated by another job: /share/data3/yangjunbo/git_storage/multiPrime/test_data/results/Clusters_cprimer/Cluster_0_20727.candidate.primers.txt

[Fri Jun 16 13:14:44 2023]
Finished job 1.
9 of 20 steps (45%) done
Select jobs to execute...

[Fri Jun 16 13:14:44 2023]
Job 6: Step11: Try to find Max_primer_set...
Reason: Missing output files: /share/data3/yangjunbo/git_storage/multiPrime/test_data/results/Primers_set/final_maxprimers_set.xls; Input files updated by another job: /share/data3/yangjunbo/git_storage/multiPrime/test_data/results/Primers_set/candidate_primers_sets.txt


[Fri Jun 16 13:14:44 2023]
Job 8: Step10: Get candidate primers ..
Reason: Missing output files: /share/data3/yangjunbo/git_storage/multiPrime/test_data/results/Primers_set/candidate_primers_sets.number; Input files updated by another job: /share/data3/yangjunbo/git_storage/multiPrime/test_data/results/Primers_set/candidate_primers_sets.txt


[Fri Jun 16 13:14:44 2023]
Job 12: step12: Extract core primer set...
Reason: Missing output files: /share/data3/yangjunbo/git_storage/multiPrime/test_data/results/Core_primers_set/core_candidate_primers_sets.txt; Input files updated by another job: /share/data3/yangjunbo/git_storage/multiPrime/test_data/results/Primers_set/candidate_primers_sets.txt

[Fri Jun 16 13:14:44 2023]
Finished job 12.
10 of 20 steps (50%) done
Select jobs to execute...

[Fri Jun 16 13:14:44 2023]
Job 14: Step14: Format transition ..
Reason: Missing output files: /share/data3/yangjunbo/git_storage/multiPrime/test_data/results/Core_primers_set/core_candidate_primers_sets.number; Input files updated by another job: /share/data3/yangjunbo/git_storage/multiPrime/test_data/results/Core_primers_set/core_candidate_primers_sets.txt


[Fri Jun 16 13:14:44 2023]
Job 11: Step13: Try to find core Max_primer_set ..
Reason: Missing output files: /share/data3/yangjunbo/git_storage/multiPrime/test_data/results/Core_primers_set/core_final_maxprimers_set.xls; Input files updated by another job: /share/data3/yangjunbo/git_storage/multiPrime/test_data/results/Core_primers_set/core_candidate_primers_sets.txt

[Fri Jun 16 13:14:44 2023]
Finished job 8.
11 of 20 steps (55%) done
[Fri Jun 16 13:14:45 2023]
Finished job 14.
12 of 20 steps (60%) done
[Fri Jun 16 13:14:45 2023]
Finished job 6.
13 of 20 steps (65%) done
Select jobs to execute...

[Fri Jun 16 13:14:45 2023]
Job 7: Step15: Extract PCR product from the input virus sequence (non-mismatch) ..
Reason: Missing output files: /share/data3/yangjunbo/git_storage/multiPrime/test_data/results/Primers_set/Coverage_stast.xls; Input files updated by another job: /share/data3/yangjunbo/git_storage/multiPrime/test_data/results/Total_fa/CDS_20727.format.fa, /share/data3/yangjunbo/git_storage/multiPrime/test_data/results/Primers_set/final_maxprimers_set.xls


[Fri Jun 16 13:14:45 2023]
Job 9: Step17: Hairpin and dimer check by mfeprimer ..
Reason: Missing output files: /share/data3/yangjunbo/git_storage/multiPrime/test_data/results/Primers_set/final_maxprimers_set.fa.dimer; Input files updated by another job: /share/data3/yangjunbo/git_storage/multiPrime/test_data/results/Primers_set/final_maxprimers_set.xls

[Fri Jun 16 13:14:45 2023]
Finished job 11.
14 of 20 steps (70%) done
Select jobs to execute...

[Fri Jun 16 13:14:45 2023]
Job 13: Step18: Hairpin and dimer check by mfeprimer.. 
Reason: Missing output files: /share/data3/yangjunbo/git_storage/multiPrime/test_data/results/Core_primers_set/core_final_maxprimers_set.fa, /share/data3/yangjunbo/git_storage/multiPrime/test_data/results/Core_primers_set/core_final_maxprimers_set.fa.dimer; Input files updated by another job: /share/data3/yangjunbo/git_storage/multiPrime/test_data/results/Core_primers_set/core_final_maxprimers_set.xls


[Fri Jun 16 13:14:45 2023]
Job 10: Step16: Extract core PCR product from the input virus sequence (non-mismatch) ..
Reason: Missing output files: /share/data3/yangjunbo/git_storage/multiPrime/test_data/results/Core_primers_set/core_Coverage_stast.xls; Input files updated by another job: /share/data3/yangjunbo/git_storage/multiPrime/test_data/results/Core_primers_set/core_final_maxprimers_set.xls, /share/data3/yangjunbo/git_storage/multiPrime/test_data/results/Total_fa/CDS_20727.format.fa

[Fri Jun 16 13:14:45 2023]
Finished job 13.
15 of 20 steps (75%) done
Select jobs to execute...

[Fri Jun 16 13:14:45 2023]
Job 15: Step19: Primer coverage clculation .. 
Reason: Missing output files: /share/data3/yangjunbo/git_storage/multiPrime/test_data/results/Core_primers_set/BWT_coverage/core_final_maxprimers_set.out; Input files updated by another job: /share/data3/yangjunbo/git_storage/multiPrime/test_data/results/Core_primers_set/core_final_maxprimers_set.fa, /share/data3/yangjunbo/git_storage/multiPrime/test_data/results/Total_fa/CDS_20727.format.dict, /share/data3/yangjunbo/git_storage/multiPrime/test_data/results/Total_fa/CDS_20727.format.fa

[Fri Jun 16 13:14:45 2023]
Finished job 9.
16 of 20 steps (80%) done
[Fri Jun 16 13:14:46 2023]
Finished job 7.
17 of 20 steps (85%) done
[Fri Jun 16 13:14:46 2023]
Finished job 10.
18 of 20 steps (90%) done
[Fri Jun 16 13:19:27 2023]
Finished job 15.
19 of 20 steps (95%) done
Select jobs to execute...

[Fri Jun 16 13:19:27 2023]
localrule all:
    input: /share/data3/yangjunbo/git_storage/multiPrime/test_data/results/Primers_set/candidate_primers_sets.txt, /share/data3/yangjunbo/git_storage/multiPrime/test_data/results/Primers_set/final_maxprimers_set.xls, /share/data3/yangjunbo/git_storage/multiPrime/test_data/results/Primers_set/Coverage_stast.xls, /share/data3/yangjunbo/git_storage/multiPrime/test_data/results/Primers_set/candidate_primers_sets.number, /share/data3/yangjunbo/git_storage/multiPrime/test_data/results/Primers_set/final_maxprimers_set.fa.dimer, /share/data3/yangjunbo/git_storage/multiPrime/test_data/results/Core_primers_set/core_Coverage_stast.xls, /share/data3/yangjunbo/git_storage/multiPrime/test_data/results/Core_primers_set/core_final_maxprimers_set.fa.dimer, /share/data3/yangjunbo/git_storage/multiPrime/test_data/results/Core_primers_set/core_candidate_primers_sets.number, /share/data3/yangjunbo/git_storage/multiPrime/test_data/results/Core_primers_set/BWT_coverage/core_final_maxprimers_set.out
    jobid: 0
    reason: Input files updated by another job: /share/data3/yangjunbo/git_storage/multiPrime/test_data/results/Primers_set/candidate_primers_sets.txt, /share/data3/yangjunbo/git_storage/multiPrime/test_data/results/Core_primers_set/core_candidate_primers_sets.number, /share/data3/yangjunbo/git_storage/multiPrime/test_data/results/Primers_set/candidate_primers_sets.number, /share/data3/yangjunbo/git_storage/multiPrime/test_data/results/Primers_set/final_maxprimers_set.xls, /share/data3/yangjunbo/git_storage/multiPrime/test_data/results/Primers_set/final_maxprimers_set.fa.dimer, /share/data3/yangjunbo/git_storage/multiPrime/test_data/results/Core_primers_set/core_Coverage_stast.xls, /share/data3/yangjunbo/git_storage/multiPrime/test_data/results/Core_primers_set/core_final_maxprimers_set.fa.dimer, /share/data3/yangjunbo/git_storage/multiPrime/test_data/results/Core_primers_set/BWT_coverage/core_final_maxprimers_set.out, /share/data3/yangjunbo/git_storage/multiPrime/test_data/results/Primers_set/Coverage_stast.xls
    resources: tmpdir=/tmp

[Fri Jun 16 13:19:27 2023]
Finished job 0.
20 of 20 steps (100%) done
Complete log: .snakemake/log/2023-06-16T131233.412360.snakemake.log
